
> test@0.1.0 start
> next start --port=5000

  ▲ Next.js 14.2.7
  - Local:        http://localhost:5000

 ✓ Starting...
 ✓ Ready in 578ms
 ⚠ The "images.domains" configuration is deprecated. Please use "images.remotePatterns" configuration instead.
 ⚠ For production Image Optimization with Next.js, the optional 'sharp' package is strongly recommended. Run 'npm i sharp', and Next.js will use it automatically for Image Optimization.
Read more: https://nextjs.org/docs/messages/sharp-missing-in-production
Invariant: failed to load static page {
  "page": "/",
  "url": "/",
  "initUrl": "https://localhost:5000/",
  "didRewrite": false
}
 ⨯ MissingStaticPage [Error]: Failed to load static file for page: / ENOENT: no such file or directory, open '/ragcoon/Frontend/.next/server/pages/index.html'
    at /ragcoon/Frontend/node_modules/next/dist/server/require.js:102:19
    at async loadComponentsImpl (/ragcoon/Frontend/node_modules/next/dist/server/load-components.js:98:26)
    at async NextNodeServer.findPageComponentsImpl (/ragcoon/Frontend/node_modules/next/dist/server/next-server.js:708:36)
    at async NextNodeServer.renderPageComponent (/ragcoon/Frontend/node_modules/next/dist/server/base-server.js:1897:24)
    at async NextNodeServer.renderToResponseImpl (/ragcoon/Frontend/node_modules/next/dist/server/base-server.js:1949:32)
    at async NextNodeServer.pipeImpl (/ragcoon/Frontend/node_modules/next/dist/server/base-server.js:916:25)
    at async NextNodeServer.handleCatchallRenderRequest (/ragcoon/Frontend/node_modules/next/dist/server/next-server.js:272:17)
    at async NextNodeServer.handleRequestImpl (/ragcoon/Frontend/node_modules/next/dist/server/base-server.js:812:17)
    at async invokeRender (/ragcoon/Frontend/node_modules/next/dist/server/lib/router-server.js:173:21)
    at async handleRequest (/ragcoon/Frontend/node_modules/next/dist/server/lib/router-server.js:350:24)
 ⨯ Error: Cannot find module '/ragcoon/Frontend/.next/server/pages/_error.js'
Require stack:
- /ragcoon/Frontend/node_modules/next/dist/server/require.js
- /ragcoon/Frontend/node_modules/next/dist/server/next-server.js
- /ragcoon/Frontend/node_modules/next/dist/server/next.js
- /ragcoon/Frontend/node_modules/next/dist/server/lib/start-server.js
- /ragcoon/Frontend/node_modules/next/dist/cli/next-start.js
    at Module._resolveFilename (node:internal/modules/cjs/loader:1134:15)
    at /ragcoon/Frontend/node_modules/next/dist/server/require-hook.js:55:36
    at Module._load (node:internal/modules/cjs/loader:975:27)
    at Module.require (node:internal/modules/cjs/loader:1225:19)
    at mod.require (/ragcoon/Frontend/node_modules/next/dist/server/require-hook.js:65:28)
    at require (node:internal/modules/helpers:177:18)
    at requirePage (/ragcoon/Frontend/node_modules/next/dist/server/require.js:109:84)
    at /ragcoon/Frontend/node_modules/next/dist/server/load-components.js:98:84
    at async loadComponentsImpl (/ragcoon/Frontend/node_modules/next/dist/server/load-components.js:98:26)
    at async NextNodeServer.findPageComponentsImpl (/ragcoon/Frontend/node_modules/next/dist/server/next-server.js:708:36) {
  code: 'MODULE_NOT_FOUND',
  requireStack: [
    '/ragcoon/Frontend/node_modules/next/dist/server/require.js',
    '/ragcoon/Frontend/node_modules/next/dist/server/next-server.js',
    '/ragcoon/Frontend/node_modules/next/dist/server/next.js',
    '/ragcoon/Frontend/node_modules/next/dist/server/lib/start-server.js',
    '/ragcoon/Frontend/node_modules/next/dist/cli/next-start.js'
  ]
}
Invariant: failed to load static page {
  "page": "/",
  "url": "/",
  "initUrl": "https://localhost:5000/",
  "didRewrite": false
}
 ⨯ MissingStaticPage [Error]: Failed to load static file for page: / ENOENT: no such file or directory, open '/ragcoon/Frontend/.next/server/pages/index.html'
    at /ragcoon/Frontend/node_modules/next/dist/server/require.js:102:19
    at async loadComponentsImpl (/ragcoon/Frontend/node_modules/next/dist/server/load-components.js:98:26)
    at async NextNodeServer.findPageComponentsImpl (/ragcoon/Frontend/node_modules/next/dist/server/next-server.js:708:36)
    at async NextNodeServer.renderPageComponent (/ragcoon/Frontend/node_modules/next/dist/server/base-server.js:1897:24)
    at async NextNodeServer.renderToResponseImpl (/ragcoon/Frontend/node_modules/next/dist/server/base-server.js:1949:32)
    at async NextNodeServer.pipeImpl (/ragcoon/Frontend/node_modules/next/dist/server/base-server.js:916:25)
    at async NextNodeServer.handleCatchallRenderRequest (/ragcoon/Frontend/node_modules/next/dist/server/next-server.js:272:17)
    at async NextNodeServer.handleRequestImpl (/ragcoon/Frontend/node_modules/next/dist/server/base-server.js:812:17)
    at async invokeRender (/ragcoon/Frontend/node_modules/next/dist/server/lib/router-server.js:173:21)
    at async handleRequest (/ragcoon/Frontend/node_modules/next/dist/server/lib/router-server.js:350:24)
 ⨯ Error: Cannot find module '/ragcoon/Frontend/.next/server/pages/_error.js'
Require stack:
- /ragcoon/Frontend/node_modules/next/dist/server/require.js
- /ragcoon/Frontend/node_modules/next/dist/server/next-server.js
- /ragcoon/Frontend/node_modules/next/dist/server/next.js
- /ragcoon/Frontend/node_modules/next/dist/server/lib/start-server.js
- /ragcoon/Frontend/node_modules/next/dist/cli/next-start.js
    at Module._resolveFilename (node:internal/modules/cjs/loader:1134:15)
    at /ragcoon/Frontend/node_modules/next/dist/server/require-hook.js:55:36
    at Module._load (node:internal/modules/cjs/loader:975:27)
    at Module.require (node:internal/modules/cjs/loader:1225:19)
    at mod.require (/ragcoon/Frontend/node_modules/next/dist/server/require-hook.js:65:28)
    at require (node:internal/modules/helpers:177:18)
    at requirePage (/ragcoon/Frontend/node_modules/next/dist/server/require.js:109:84)
    at /ragcoon/Frontend/node_modules/next/dist/server/load-components.js:98:84
    at async loadComponentsImpl (/ragcoon/Frontend/node_modules/next/dist/server/load-components.js:98:26)
    at async NextNodeServer.findPageComponentsImpl (/ragcoon/Frontend/node_modules/next/dist/server/next-server.js:708:36) {
  code: 'MODULE_NOT_FOUND',
  requireStack: [
    '/ragcoon/Frontend/node_modules/next/dist/server/require.js',
    '/ragcoon/Frontend/node_modules/next/dist/server/next-server.js',
    '/ragcoon/Frontend/node_modules/next/dist/server/next.js',
    '/ragcoon/Frontend/node_modules/next/dist/server/lib/start-server.js',
    '/ragcoon/Frontend/node_modules/next/dist/cli/next-start.js'
  ]
}
Invariant: failed to load static page {
  "page": "/",
  "url": "/",
  "initUrl": "http://localhost:5000/",
  "didRewrite": false
}
 ⨯ MissingStaticPage [Error]: Failed to load static file for page: / ENOENT: no such file or directory, open '/ragcoon/Frontend/.next/server/pages/index.html'
    at /ragcoon/Frontend/node_modules/next/dist/server/require.js:102:19
    at async loadComponentsImpl (/ragcoon/Frontend/node_modules/next/dist/server/load-components.js:98:26)
    at async NextNodeServer.findPageComponentsImpl (/ragcoon/Frontend/node_modules/next/dist/server/next-server.js:708:36)
    at async NextNodeServer.renderPageComponent (/ragcoon/Frontend/node_modules/next/dist/server/base-server.js:1897:24)
    at async NextNodeServer.renderToResponseImpl (/ragcoon/Frontend/node_modules/next/dist/server/base-server.js:1949:32)
    at async NextNodeServer.pipeImpl (/ragcoon/Frontend/node_modules/next/dist/server/base-server.js:916:25)
    at async NextNodeServer.handleCatchallRenderRequest (/ragcoon/Frontend/node_modules/next/dist/server/next-server.js:272:17)
    at async NextNodeServer.handleRequestImpl (/ragcoon/Frontend/node_modules/next/dist/server/base-server.js:812:17)
    at async invokeRender (/ragcoon/Frontend/node_modules/next/dist/server/lib/router-server.js:173:21)
    at async handleRequest (/ragcoon/Frontend/node_modules/next/dist/server/lib/router-server.js:350:24)
 ⨯ Error: Cannot find module './chunks/vendor-chunks/next.js'
Require stack:
- /ragcoon/Frontend/.next/server/webpack-runtime.js
- /ragcoon/Frontend/.next/server/pages/_document.js
- /ragcoon/Frontend/node_modules/next/dist/server/require.js
- /ragcoon/Frontend/node_modules/next/dist/server/next-server.js
- /ragcoon/Frontend/node_modules/next/dist/server/next.js
- /ragcoon/Frontend/node_modules/next/dist/server/lib/start-server.js
- /ragcoon/Frontend/node_modules/next/dist/cli/next-start.js
    at Module._resolveFilename (node:internal/modules/cjs/loader:1134:15)
    at /ragcoon/Frontend/node_modules/next/dist/server/require-hook.js:55:36
    at Module._load (node:internal/modules/cjs/loader:975:27)
    at Module.require (node:internal/modules/cjs/loader:1225:19)
    at mod.require (/ragcoon/Frontend/node_modules/next/dist/server/require-hook.js:65:28)
    at require (node:internal/modules/helpers:177:18)
    at o.f.require (/ragcoon/Frontend/.next/server/webpack-runtime.js:1:1888)
    at /ragcoon/Frontend/.next/server/webpack-runtime.js:1:1361
    at Array.reduce (<anonymous>)
    at o.e (/ragcoon/Frontend/.next/server/webpack-runtime.js:1:1340) {
  code: 'MODULE_NOT_FOUND',
  requireStack: [
    '/ragcoon/Frontend/.next/server/webpack-runtime.js',
    '/ragcoon/Frontend/.next/server/pages/_document.js',
    '/ragcoon/Frontend/node_modules/next/dist/server/require.js',
    '/ragcoon/Frontend/node_modules/next/dist/server/next-server.js',
    '/ragcoon/Frontend/node_modules/next/dist/server/next.js',
    '/ragcoon/Frontend/node_modules/next/dist/server/lib/start-server.js',
    '/ragcoon/Frontend/node_modules/next/dist/cli/next-start.js'
  ]
}
Invariant: failed to load static page {
  "page": "/",
  "url": "/",
  "initUrl": "http://localhost:5000/",
  "didRewrite": false
}
 ⨯ MissingStaticPage [Error]: Failed to load static file for page: / ENOENT: no such file or directory, open '/ragcoon/Frontend/.next/server/pages/index.html'
    at /ragcoon/Frontend/node_modules/next/dist/server/require.js:102:19
    at async loadComponentsImpl (/ragcoon/Frontend/node_modules/next/dist/server/load-components.js:98:26)
    at async NextNodeServer.findPageComponentsImpl (/ragcoon/Frontend/node_modules/next/dist/server/next-server.js:708:36)
    at async NextNodeServer.renderPageComponent (/ragcoon/Frontend/node_modules/next/dist/server/base-server.js:1897:24)
    at async NextNodeServer.renderToResponseImpl (/ragcoon/Frontend/node_modules/next/dist/server/base-server.js:1949:32)
    at async NextNodeServer.pipeImpl (/ragcoon/Frontend/node_modules/next/dist/server/base-server.js:916:25)
    at async NextNodeServer.handleCatchallRenderRequest (/ragcoon/Frontend/node_modules/next/dist/server/next-server.js:272:17)
    at async NextNodeServer.handleRequestImpl (/ragcoon/Frontend/node_modules/next/dist/server/base-server.js:812:17)
    at async invokeRender (/ragcoon/Frontend/node_modules/next/dist/server/lib/router-server.js:173:21)
    at async handleRequest (/ragcoon/Frontend/node_modules/next/dist/server/lib/router-server.js:350:24)
 ⨯ Error: Cannot find module './chunks/vendor-chunks/next.js'
Require stack:
- /ragcoon/Frontend/.next/server/webpack-runtime.js
- /ragcoon/Frontend/.next/server/pages/_document.js
- /ragcoon/Frontend/node_modules/next/dist/server/require.js
- /ragcoon/Frontend/node_modules/next/dist/server/next-server.js
- /ragcoon/Frontend/node_modules/next/dist/server/next.js
- /ragcoon/Frontend/node_modules/next/dist/server/lib/start-server.js
- /ragcoon/Frontend/node_modules/next/dist/cli/next-start.js
    at Module._resolveFilename (node:internal/modules/cjs/loader:1134:15)
    at /ragcoon/Frontend/node_modules/next/dist/server/require-hook.js:55:36
    at Module._load (node:internal/modules/cjs/loader:975:27)
    at Module.require (node:internal/modules/cjs/loader:1225:19)
    at mod.require (/ragcoon/Frontend/node_modules/next/dist/server/require-hook.js:65:28)
    at require (node:internal/modules/helpers:177:18)
    at o.f.require (/ragcoon/Frontend/.next/server/webpack-runtime.js:1:1888)
    at /ragcoon/Frontend/.next/server/webpack-runtime.js:1:1361
    at Array.reduce (<anonymous>)
    at o.e (/ragcoon/Frontend/.next/server/webpack-runtime.js:1:1340) {
  code: 'MODULE_NOT_FOUND',
  requireStack: [
    '/ragcoon/Frontend/.next/server/webpack-runtime.js',
    '/ragcoon/Frontend/.next/server/pages/_document.js',
    '/ragcoon/Frontend/node_modules/next/dist/server/require.js',
    '/ragcoon/Frontend/node_modules/next/dist/server/next-server.js',
    '/ragcoon/Frontend/node_modules/next/dist/server/next.js',
    '/ragcoon/Frontend/node_modules/next/dist/server/lib/start-server.js',
    '/ragcoon/Frontend/node_modules/next/dist/cli/next-start.js'
  ]
}
Invariant: failed to load static page {
  "page": "/",
  "url": "/",
  "initUrl": "http://localhost:5000/",
  "didRewrite": false
}
 ⨯ MissingStaticPage [Error]: Failed to load static file for page: / ENOENT: no such file or directory, open '/ragcoon/Frontend/.next/server/pages/index.html'
    at /ragcoon/Frontend/node_modules/next/dist/server/require.js:102:19
    at async loadComponentsImpl (/ragcoon/Frontend/node_modules/next/dist/server/load-components.js:98:26)
    at async NextNodeServer.findPageComponentsImpl (/ragcoon/Frontend/node_modules/next/dist/server/next-server.js:708:36)
    at async NextNodeServer.renderPageComponent (/ragcoon/Frontend/node_modules/next/dist/server/base-server.js:1897:24)
    at async NextNodeServer.renderToResponseImpl (/ragcoon/Frontend/node_modules/next/dist/server/base-server.js:1949:32)
    at async NextNodeServer.pipeImpl (/ragcoon/Frontend/node_modules/next/dist/server/base-server.js:916:25)
    at async NextNodeServer.handleCatchallRenderRequest (/ragcoon/Frontend/node_modules/next/dist/server/next-server.js:272:17)
    at async NextNodeServer.handleRequestImpl (/ragcoon/Frontend/node_modules/next/dist/server/base-server.js:812:17)
    at async invokeRender (/ragcoon/Frontend/node_modules/next/dist/server/lib/router-server.js:173:21)
    at async handleRequest (/ragcoon/Frontend/node_modules/next/dist/server/lib/router-server.js:350:24)
 ⨯ Error: Cannot find module './chunks/vendor-chunks/next.js'
Require stack:
- /ragcoon/Frontend/.next/server/webpack-runtime.js
- /ragcoon/Frontend/.next/server/pages/_document.js
- /ragcoon/Frontend/node_modules/next/dist/server/require.js
- /ragcoon/Frontend/node_modules/next/dist/server/next-server.js
- /ragcoon/Frontend/node_modules/next/dist/server/next.js
- /ragcoon/Frontend/node_modules/next/dist/server/lib/start-server.js
- /ragcoon/Frontend/node_modules/next/dist/cli/next-start.js
    at Module._resolveFilename (node:internal/modules/cjs/loader:1134:15)
    at /ragcoon/Frontend/node_modules/next/dist/server/require-hook.js:55:36
    at Module._load (node:internal/modules/cjs/loader:975:27)
    at Module.require (node:internal/modules/cjs/loader:1225:19)
    at mod.require (/ragcoon/Frontend/node_modules/next/dist/server/require-hook.js:65:28)
    at require (node:internal/modules/helpers:177:18)
    at o.f.require (/ragcoon/Frontend/.next/server/webpack-runtime.js:1:1888)
    at /ragcoon/Frontend/.next/server/webpack-runtime.js:1:1361
    at Array.reduce (<anonymous>)
    at o.e (/ragcoon/Frontend/.next/server/webpack-runtime.js:1:1340) {
  code: 'MODULE_NOT_FOUND',
  requireStack: [
    '/ragcoon/Frontend/.next/server/webpack-runtime.js',
    '/ragcoon/Frontend/.next/server/pages/_document.js',
    '/ragcoon/Frontend/node_modules/next/dist/server/require.js',
    '/ragcoon/Frontend/node_modules/next/dist/server/next-server.js',
    '/ragcoon/Frontend/node_modules/next/dist/server/next.js',
    '/ragcoon/Frontend/node_modules/next/dist/server/lib/start-server.js',
    '/ragcoon/Frontend/node_modules/next/dist/cli/next-start.js'
  ]
}
Invariant: failed to load static page {
  "page": "/",
  "url": "/",
  "initUrl": "https://localhost:5000/",
  "didRewrite": false
}
 ⨯ MissingStaticPage [Error]: Failed to load static file for page: / ENOENT: no such file or directory, open '/ragcoon/Frontend/.next/server/pages/index.html'
    at /ragcoon/Frontend/node_modules/next/dist/server/require.js:102:19
    at async loadComponentsImpl (/ragcoon/Frontend/node_modules/next/dist/server/load-components.js:98:26)
    at async NextNodeServer.findPageComponentsImpl (/ragcoon/Frontend/node_modules/next/dist/server/next-server.js:708:36)
    at async NextNodeServer.renderPageComponent (/ragcoon/Frontend/node_modules/next/dist/server/base-server.js:1897:24)
    at async NextNodeServer.renderToResponseImpl (/ragcoon/Frontend/node_modules/next/dist/server/base-server.js:1949:32)
    at async NextNodeServer.pipeImpl (/ragcoon/Frontend/node_modules/next/dist/server/base-server.js:916:25)
    at async NextNodeServer.handleCatchallRenderRequest (/ragcoon/Frontend/node_modules/next/dist/server/next-server.js:272:17)
    at async NextNodeServer.handleRequestImpl (/ragcoon/Frontend/node_modules/next/dist/server/base-server.js:812:17)
    at async invokeRender (/ragcoon/Frontend/node_modules/next/dist/server/lib/router-server.js:173:21)
    at async handleRequest (/ragcoon/Frontend/node_modules/next/dist/server/lib/router-server.js:350:24)
 ⨯ Error: Cannot find module './chunks/vendor-chunks/next.js'
Require stack:
- /ragcoon/Frontend/.next/server/webpack-runtime.js
- /ragcoon/Frontend/.next/server/pages/_document.js
- /ragcoon/Frontend/node_modules/next/dist/server/require.js
- /ragcoon/Frontend/node_modules/next/dist/server/next-server.js
- /ragcoon/Frontend/node_modules/next/dist/server/next.js
- /ragcoon/Frontend/node_modules/next/dist/server/lib/start-server.js
- /ragcoon/Frontend/node_modules/next/dist/cli/next-start.js
    at Module._resolveFilename (node:internal/modules/cjs/loader:1134:15)
    at /ragcoon/Frontend/node_modules/next/dist/server/require-hook.js:55:36
    at Module._load (node:internal/modules/cjs/loader:975:27)
    at Module.require (node:internal/modules/cjs/loader:1225:19)
    at mod.require (/ragcoon/Frontend/node_modules/next/dist/server/require-hook.js:65:28)
    at require (node:internal/modules/helpers:177:18)
    at o.f.require (/ragcoon/Frontend/.next/server/webpack-runtime.js:1:1888)
    at /ragcoon/Frontend/.next/server/webpack-runtime.js:1:1361
    at Array.reduce (<anonymous>)
    at o.e (/ragcoon/Frontend/.next/server/webpack-runtime.js:1:1340) {
  code: 'MODULE_NOT_FOUND',
  requireStack: [
    '/ragcoon/Frontend/.next/server/webpack-runtime.js',
    '/ragcoon/Frontend/.next/server/pages/_document.js',
    '/ragcoon/Frontend/node_modules/next/dist/server/require.js',
    '/ragcoon/Frontend/node_modules/next/dist/server/next-server.js',
    '/ragcoon/Frontend/node_modules/next/dist/server/next.js',
    '/ragcoon/Frontend/node_modules/next/dist/server/lib/start-server.js',
    '/ragcoon/Frontend/node_modules/next/dist/cli/next-start.js'
  ]
}
Invariant: failed to load static page {
  "page": "/",
  "url": "/",
  "initUrl": "https://localhost:5000/",
  "didRewrite": false
}
 ⨯ MissingStaticPage [Error]: Failed to load static file for page: / ENOENT: no such file or directory, open '/ragcoon/Frontend/.next/server/pages/index.html'
    at /ragcoon/Frontend/node_modules/next/dist/server/require.js:102:19
    at async loadComponentsImpl (/ragcoon/Frontend/node_modules/next/dist/server/load-components.js:98:26)
    at async NextNodeServer.findPageComponentsImpl (/ragcoon/Frontend/node_modules/next/dist/server/next-server.js:708:36)
    at async NextNodeServer.renderPageComponent (/ragcoon/Frontend/node_modules/next/dist/server/base-server.js:1897:24)
    at async NextNodeServer.renderToResponseImpl (/ragcoon/Frontend/node_modules/next/dist/server/base-server.js:1949:32)
    at async NextNodeServer.pipeImpl (/ragcoon/Frontend/node_modules/next/dist/server/base-server.js:916:25)
    at async NextNodeServer.handleCatchallRenderRequest (/ragcoon/Frontend/node_modules/next/dist/server/next-server.js:272:17)
    at async NextNodeServer.handleRequestImpl (/ragcoon/Frontend/node_modules/next/dist/server/base-server.js:812:17)
    at async invokeRender (/ragcoon/Frontend/node_modules/next/dist/server/lib/router-server.js:173:21)
    at async handleRequest (/ragcoon/Frontend/node_modules/next/dist/server/lib/router-server.js:350:24)
 ⨯ Error: Cannot find module './chunks/vendor-chunks/next.js'
Require stack:
- /ragcoon/Frontend/.next/server/webpack-runtime.js
- /ragcoon/Frontend/.next/server/pages/_document.js
- /ragcoon/Frontend/node_modules/next/dist/server/require.js
- /ragcoon/Frontend/node_modules/next/dist/server/next-server.js
- /ragcoon/Frontend/node_modules/next/dist/server/next.js
- /ragcoon/Frontend/node_modules/next/dist/server/lib/start-server.js
- /ragcoon/Frontend/node_modules/next/dist/cli/next-start.js
    at Module._resolveFilename (node:internal/modules/cjs/loader:1134:15)
    at /ragcoon/Frontend/node_modules/next/dist/server/require-hook.js:55:36
    at Module._load (node:internal/modules/cjs/loader:975:27)
    at Module.require (node:internal/modules/cjs/loader:1225:19)
    at mod.require (/ragcoon/Frontend/node_modules/next/dist/server/require-hook.js:65:28)
    at require (node:internal/modules/helpers:177:18)
    at o.f.require (/ragcoon/Frontend/.next/server/webpack-runtime.js:1:1888)
    at /ragcoon/Frontend/.next/server/webpack-runtime.js:1:1361
    at Array.reduce (<anonymous>)
    at o.e (/ragcoon/Frontend/.next/server/webpack-runtime.js:1:1340) {
  code: 'MODULE_NOT_FOUND',
  requireStack: [
    '/ragcoon/Frontend/.next/server/webpack-runtime.js',
    '/ragcoon/Frontend/.next/server/pages/_document.js',
    '/ragcoon/Frontend/node_modules/next/dist/server/require.js',
    '/ragcoon/Frontend/node_modules/next/dist/server/next-server.js',
    '/ragcoon/Frontend/node_modules/next/dist/server/next.js',
    '/ragcoon/Frontend/node_modules/next/dist/server/lib/start-server.js',
    '/ragcoon/Frontend/node_modules/next/dist/cli/next-start.js'
  ]
}
Invariant: failed to load static page {
  "page": "/",
  "url": "/",
  "initUrl": "https://localhost:5000/",
  "didRewrite": false
}
 ⨯ MissingStaticPage [Error]: Failed to load static file for page: / ENOENT: no such file or directory, open '/ragcoon/Frontend/.next/server/pages/index.html'
    at /ragcoon/Frontend/node_modules/next/dist/server/require.js:102:19
    at async loadComponentsImpl (/ragcoon/Frontend/node_modules/next/dist/server/load-components.js:98:26)
    at async NextNodeServer.findPageComponentsImpl (/ragcoon/Frontend/node_modules/next/dist/server/next-server.js:708:36)
    at async NextNodeServer.renderPageComponent (/ragcoon/Frontend/node_modules/next/dist/server/base-server.js:1897:24)
    at async NextNodeServer.renderToResponseImpl (/ragcoon/Frontend/node_modules/next/dist/server/base-server.js:1949:32)
    at async NextNodeServer.pipeImpl (/ragcoon/Frontend/node_modules/next/dist/server/base-server.js:916:25)
    at async NextNodeServer.handleCatchallRenderRequest (/ragcoon/Frontend/node_modules/next/dist/server/next-server.js:272:17)
    at async NextNodeServer.handleRequestImpl (/ragcoon/Frontend/node_modules/next/dist/server/base-server.js:812:17)
    at async invokeRender (/ragcoon/Frontend/node_modules/next/dist/server/lib/router-server.js:173:21)
    at async handleRequest (/ragcoon/Frontend/node_modules/next/dist/server/lib/router-server.js:350:24)
 ⨯ Error: Cannot find module './chunks/vendor-chunks/next.js'
Require stack:
- /ragcoon/Frontend/.next/server/webpack-runtime.js
- /ragcoon/Frontend/.next/server/pages/_document.js
- /ragcoon/Frontend/node_modules/next/dist/server/require.js
- /ragcoon/Frontend/node_modules/next/dist/server/next-server.js
- /ragcoon/Frontend/node_modules/next/dist/server/next.js
- /ragcoon/Frontend/node_modules/next/dist/server/lib/start-server.js
- /ragcoon/Frontend/node_modules/next/dist/cli/next-start.js
    at Module._resolveFilename (node:internal/modules/cjs/loader:1134:15)
    at /ragcoon/Frontend/node_modules/next/dist/server/require-hook.js:55:36
    at Module._load (node:internal/modules/cjs/loader:975:27)
    at Module.require (node:internal/modules/cjs/loader:1225:19)
    at mod.require (/ragcoon/Frontend/node_modules/next/dist/server/require-hook.js:65:28)
    at require (node:internal/modules/helpers:177:18)
    at o.f.require (/ragcoon/Frontend/.next/server/webpack-runtime.js:1:1888)
    at /ragcoon/Frontend/.next/server/webpack-runtime.js:1:1361
    at Array.reduce (<anonymous>)
    at o.e (/ragcoon/Frontend/.next/server/webpack-runtime.js:1:1340) {
  code: 'MODULE_NOT_FOUND',
  requireStack: [
    '/ragcoon/Frontend/.next/server/webpack-runtime.js',
    '/ragcoon/Frontend/.next/server/pages/_document.js',
    '/ragcoon/Frontend/node_modules/next/dist/server/require.js',
    '/ragcoon/Frontend/node_modules/next/dist/server/next-server.js',
    '/ragcoon/Frontend/node_modules/next/dist/server/next.js',
    '/ragcoon/Frontend/node_modules/next/dist/server/lib/start-server.js',
    '/ragcoon/Frontend/node_modules/next/dist/cli/next-start.js'
  ]
}
Invariant: failed to load static page {
  "page": "/",
  "url": "/",
  "initUrl": "https://localhost:5000/",
  "didRewrite": false
}
 ⨯ MissingStaticPage [Error]: Failed to load static file for page: / ENOENT: no such file or directory, open '/ragcoon/Frontend/.next/server/pages/index.html'
    at /ragcoon/Frontend/node_modules/next/dist/server/require.js:102:19
    at async loadComponentsImpl (/ragcoon/Frontend/node_modules/next/dist/server/load-components.js:98:26)
    at async NextNodeServer.findPageComponentsImpl (/ragcoon/Frontend/node_modules/next/dist/server/next-server.js:708:36)
    at async NextNodeServer.renderPageComponent (/ragcoon/Frontend/node_modules/next/dist/server/base-server.js:1897:24)
    at async NextNodeServer.renderToResponseImpl (/ragcoon/Frontend/node_modules/next/dist/server/base-server.js:1949:32)
    at async NextNodeServer.pipeImpl (/ragcoon/Frontend/node_modules/next/dist/server/base-server.js:916:25)
    at async NextNodeServer.handleCatchallRenderRequest (/ragcoon/Frontend/node_modules/next/dist/server/next-server.js:272:17)
    at async NextNodeServer.handleRequestImpl (/ragcoon/Frontend/node_modules/next/dist/server/base-server.js:812:17)
    at async invokeRender (/ragcoon/Frontend/node_modules/next/dist/server/lib/router-server.js:173:21)
    at async handleRequest (/ragcoon/Frontend/node_modules/next/dist/server/lib/router-server.js:350:24)
 ⨯ Error: Cannot find module './chunks/vendor-chunks/next.js'
Require stack:
- /ragcoon/Frontend/.next/server/webpack-runtime.js
- /ragcoon/Frontend/.next/server/pages/_document.js
- /ragcoon/Frontend/node_modules/next/dist/server/require.js
- /ragcoon/Frontend/node_modules/next/dist/server/next-server.js
- /ragcoon/Frontend/node_modules/next/dist/server/next.js
- /ragcoon/Frontend/node_modules/next/dist/server/lib/start-server.js
- /ragcoon/Frontend/node_modules/next/dist/cli/next-start.js
    at Module._resolveFilename (node:internal/modules/cjs/loader:1134:15)
    at /ragcoon/Frontend/node_modules/next/dist/server/require-hook.js:55:36
    at Module._load (node:internal/modules/cjs/loader:975:27)
    at Module.require (node:internal/modules/cjs/loader:1225:19)
    at mod.require (/ragcoon/Frontend/node_modules/next/dist/server/require-hook.js:65:28)
    at require (node:internal/modules/helpers:177:18)
    at o.f.require (/ragcoon/Frontend/.next/server/webpack-runtime.js:1:1888)
    at /ragcoon/Frontend/.next/server/webpack-runtime.js:1:1361
    at Array.reduce (<anonymous>)
    at o.e (/ragcoon/Frontend/.next/server/webpack-runtime.js:1:1340) {
  code: 'MODULE_NOT_FOUND',
  requireStack: [
    '/ragcoon/Frontend/.next/server/webpack-runtime.js',
    '/ragcoon/Frontend/.next/server/pages/_document.js',
    '/ragcoon/Frontend/node_modules/next/dist/server/require.js',
    '/ragcoon/Frontend/node_modules/next/dist/server/next-server.js',
    '/ragcoon/Frontend/node_modules/next/dist/server/next.js',
    '/ragcoon/Frontend/node_modules/next/dist/server/lib/start-server.js',
    '/ragcoon/Frontend/node_modules/next/dist/cli/next-start.js'
  ]
}
Invariant: failed to load static page {
  "page": "/",
  "url": "/",
  "initUrl": "https://localhost:5000/",
  "didRewrite": false
}
 ⨯ MissingStaticPage [Error]: Failed to load static file for page: / ENOENT: no such file or directory, open '/ragcoon/Frontend/.next/server/pages/index.html'
    at /ragcoon/Frontend/node_modules/next/dist/server/require.js:102:19
    at async loadComponentsImpl (/ragcoon/Frontend/node_modules/next/dist/server/load-components.js:98:26)
    at async NextNodeServer.findPageComponentsImpl (/ragcoon/Frontend/node_modules/next/dist/server/next-server.js:708:36)
    at async NextNodeServer.renderPageComponent (/ragcoon/Frontend/node_modules/next/dist/server/base-server.js:1897:24)
    at async NextNodeServer.renderToResponseImpl (/ragcoon/Frontend/node_modules/next/dist/server/base-server.js:1949:32)
    at async NextNodeServer.pipeImpl (/ragcoon/Frontend/node_modules/next/dist/server/base-server.js:916:25)
    at async NextNodeServer.handleCatchallRenderRequest (/ragcoon/Frontend/node_modules/next/dist/server/next-server.js:272:17)
    at async NextNodeServer.handleRequestImpl (/ragcoon/Frontend/node_modules/next/dist/server/base-server.js:812:17)
    at async invokeRender (/ragcoon/Frontend/node_modules/next/dist/server/lib/router-server.js:173:21)
    at async handleRequest (/ragcoon/Frontend/node_modules/next/dist/server/lib/router-server.js:350:24)
 ⨯ Error: Cannot find module './chunks/vendor-chunks/next.js'
Require stack:
- /ragcoon/Frontend/.next/server/webpack-runtime.js
- /ragcoon/Frontend/.next/server/pages/_document.js
- /ragcoon/Frontend/node_modules/next/dist/server/require.js
- /ragcoon/Frontend/node_modules/next/dist/server/next-server.js
- /ragcoon/Frontend/node_modules/next/dist/server/next.js
- /ragcoon/Frontend/node_modules/next/dist/server/lib/start-server.js
- /ragcoon/Frontend/node_modules/next/dist/cli/next-start.js
    at Module._resolveFilename (node:internal/modules/cjs/loader:1134:15)
    at /ragcoon/Frontend/node_modules/next/dist/server/require-hook.js:55:36
    at Module._load (node:internal/modules/cjs/loader:975:27)
    at Module.require (node:internal/modules/cjs/loader:1225:19)
    at mod.require (/ragcoon/Frontend/node_modules/next/dist/server/require-hook.js:65:28)
    at require (node:internal/modules/helpers:177:18)
    at o.f.require (/ragcoon/Frontend/.next/server/webpack-runtime.js:1:1888)
    at /ragcoon/Frontend/.next/server/webpack-runtime.js:1:1361
    at Array.reduce (<anonymous>)
    at o.e (/ragcoon/Frontend/.next/server/webpack-runtime.js:1:1340) {
  code: 'MODULE_NOT_FOUND',
  requireStack: [
    '/ragcoon/Frontend/.next/server/webpack-runtime.js',
    '/ragcoon/Frontend/.next/server/pages/_document.js',
    '/ragcoon/Frontend/node_modules/next/dist/server/require.js',
    '/ragcoon/Frontend/node_modules/next/dist/server/next-server.js',
    '/ragcoon/Frontend/node_modules/next/dist/server/next.js',
    '/ragcoon/Frontend/node_modules/next/dist/server/lib/start-server.js',
    '/ragcoon/Frontend/node_modules/next/dist/cli/next-start.js'
  ]
}
Invariant: failed to load static page {
  "page": "/",
  "url": "/",
  "initUrl": "http://localhost:5000/",
  "didRewrite": false
}
 ⨯ MissingStaticPage [Error]: Failed to load static file for page: / ENOENT: no such file or directory, open '/ragcoon/Frontend/.next/server/pages/index.html'
    at /ragcoon/Frontend/node_modules/next/dist/server/require.js:102:19
    at async loadComponentsImpl (/ragcoon/Frontend/node_modules/next/dist/server/load-components.js:98:26)
    at async NextNodeServer.findPageComponentsImpl (/ragcoon/Frontend/node_modules/next/dist/server/next-server.js:708:36)
    at async NextNodeServer.renderPageComponent (/ragcoon/Frontend/node_modules/next/dist/server/base-server.js:1897:24)
    at async NextNodeServer.renderToResponseImpl (/ragcoon/Frontend/node_modules/next/dist/server/base-server.js:1949:32)
    at async NextNodeServer.pipeImpl (/ragcoon/Frontend/node_modules/next/dist/server/base-server.js:916:25)
    at async NextNodeServer.handleCatchallRenderRequest (/ragcoon/Frontend/node_modules/next/dist/server/next-server.js:272:17)
    at async NextNodeServer.handleRequestImpl (/ragcoon/Frontend/node_modules/next/dist/server/base-server.js:812:17)
    at async invokeRender (/ragcoon/Frontend/node_modules/next/dist/server/lib/router-server.js:173:21)
    at async handleRequest (/ragcoon/Frontend/node_modules/next/dist/server/lib/router-server.js:350:24)
 ⨯ Error: Cannot find module './chunks/vendor-chunks/next.js'
Require stack:
- /ragcoon/Frontend/.next/server/webpack-runtime.js
- /ragcoon/Frontend/.next/server/pages/_document.js
- /ragcoon/Frontend/node_modules/next/dist/server/require.js
- /ragcoon/Frontend/node_modules/next/dist/server/next-server.js
- /ragcoon/Frontend/node_modules/next/dist/server/next.js
- /ragcoon/Frontend/node_modules/next/dist/server/lib/start-server.js
- /ragcoon/Frontend/node_modules/next/dist/cli/next-start.js
    at Module._resolveFilename (node:internal/modules/cjs/loader:1134:15)
    at /ragcoon/Frontend/node_modules/next/dist/server/require-hook.js:55:36
    at Module._load (node:internal/modules/cjs/loader:975:27)
    at Module.require (node:internal/modules/cjs/loader:1225:19)
    at mod.require (/ragcoon/Frontend/node_modules/next/dist/server/require-hook.js:65:28)
    at require (node:internal/modules/helpers:177:18)
    at o.f.require (/ragcoon/Frontend/.next/server/webpack-runtime.js:1:1888)
    at /ragcoon/Frontend/.next/server/webpack-runtime.js:1:1361
    at Array.reduce (<anonymous>)
    at o.e (/ragcoon/Frontend/.next/server/webpack-runtime.js:1:1340) {
  code: 'MODULE_NOT_FOUND',
  requireStack: [
    '/ragcoon/Frontend/.next/server/webpack-runtime.js',
    '/ragcoon/Frontend/.next/server/pages/_document.js',
    '/ragcoon/Frontend/node_modules/next/dist/server/require.js',
    '/ragcoon/Frontend/node_modules/next/dist/server/next-server.js',
    '/ragcoon/Frontend/node_modules/next/dist/server/next.js',
    '/ragcoon/Frontend/node_modules/next/dist/server/lib/start-server.js',
    '/ragcoon/Frontend/node_modules/next/dist/cli/next-start.js'
  ]
}
Invariant: failed to load static page {
  "page": "/",
  "url": "/",
  "initUrl": "http://localhost:5000/",
  "didRewrite": false
}
 ⨯ MissingStaticPage [Error]: Failed to load static file for page: / ENOENT: no such file or directory, open '/ragcoon/Frontend/.next/server/pages/index.html'
    at /ragcoon/Frontend/node_modules/next/dist/server/require.js:102:19
    at async loadComponentsImpl (/ragcoon/Frontend/node_modules/next/dist/server/load-components.js:98:26)
    at async NextNodeServer.findPageComponentsImpl (/ragcoon/Frontend/node_modules/next/dist/server/next-server.js:708:36)
    at async NextNodeServer.renderPageComponent (/ragcoon/Frontend/node_modules/next/dist/server/base-server.js:1897:24)
    at async NextNodeServer.renderToResponseImpl (/ragcoon/Frontend/node_modules/next/dist/server/base-server.js:1949:32)
    at async NextNodeServer.pipeImpl (/ragcoon/Frontend/node_modules/next/dist/server/base-server.js:916:25)
    at async NextNodeServer.handleCatchallRenderRequest (/ragcoon/Frontend/node_modules/next/dist/server/next-server.js:272:17)
    at async NextNodeServer.handleRequestImpl (/ragcoon/Frontend/node_modules/next/dist/server/base-server.js:812:17)
    at async invokeRender (/ragcoon/Frontend/node_modules/next/dist/server/lib/router-server.js:173:21)
    at async handleRequest (/ragcoon/Frontend/node_modules/next/dist/server/lib/router-server.js:350:24)
 ⨯ Error: Cannot find module './chunks/vendor-chunks/next.js'
Require stack:
- /ragcoon/Frontend/.next/server/webpack-runtime.js
- /ragcoon/Frontend/.next/server/pages/_document.js
- /ragcoon/Frontend/node_modules/next/dist/server/require.js
- /ragcoon/Frontend/node_modules/next/dist/server/next-server.js
- /ragcoon/Frontend/node_modules/next/dist/server/next.js
- /ragcoon/Frontend/node_modules/next/dist/server/lib/start-server.js
- /ragcoon/Frontend/node_modules/next/dist/cli/next-start.js
    at Module._resolveFilename (node:internal/modules/cjs/loader:1134:15)
    at /ragcoon/Frontend/node_modules/next/dist/server/require-hook.js:55:36
    at Module._load (node:internal/modules/cjs/loader:975:27)
    at Module.require (node:internal/modules/cjs/loader:1225:19)
    at mod.require (/ragcoon/Frontend/node_modules/next/dist/server/require-hook.js:65:28)
    at require (node:internal/modules/helpers:177:18)
    at o.f.require (/ragcoon/Frontend/.next/server/webpack-runtime.js:1:1888)
    at /ragcoon/Frontend/.next/server/webpack-runtime.js:1:1361
    at Array.reduce (<anonymous>)
    at o.e (/ragcoon/Frontend/.next/server/webpack-runtime.js:1:1340) {
  code: 'MODULE_NOT_FOUND',
  requireStack: [
    '/ragcoon/Frontend/.next/server/webpack-runtime.js',
    '/ragcoon/Frontend/.next/server/pages/_document.js',
    '/ragcoon/Frontend/node_modules/next/dist/server/require.js',
    '/ragcoon/Frontend/node_modules/next/dist/server/next-server.js',
    '/ragcoon/Frontend/node_modules/next/dist/server/next.js',
    '/ragcoon/Frontend/node_modules/next/dist/server/lib/start-server.js',
    '/ragcoon/Frontend/node_modules/next/dist/cli/next-start.js'
  ]
}
Invariant: failed to load static page {
  "page": "/",
  "url": "/",
  "initUrl": "https://localhost:5000/",
  "didRewrite": false
}
 ⨯ MissingStaticPage [Error]: Failed to load static file for page: / ENOENT: no such file or directory, open '/ragcoon/Frontend/.next/server/pages/index.html'
    at /ragcoon/Frontend/node_modules/next/dist/server/require.js:102:19
    at async loadComponentsImpl (/ragcoon/Frontend/node_modules/next/dist/server/load-components.js:98:26)
    at async NextNodeServer.findPageComponentsImpl (/ragcoon/Frontend/node_modules/next/dist/server/next-server.js:708:36)
    at async NextNodeServer.renderPageComponent (/ragcoon/Frontend/node_modules/next/dist/server/base-server.js:1897:24)
    at async NextNodeServer.renderToResponseImpl (/ragcoon/Frontend/node_modules/next/dist/server/base-server.js:1949:32)
    at async NextNodeServer.pipeImpl (/ragcoon/Frontend/node_modules/next/dist/server/base-server.js:916:25)
    at async NextNodeServer.handleCatchallRenderRequest (/ragcoon/Frontend/node_modules/next/dist/server/next-server.js:272:17)
    at async NextNodeServer.handleRequestImpl (/ragcoon/Frontend/node_modules/next/dist/server/base-server.js:812:17)
    at async invokeRender (/ragcoon/Frontend/node_modules/next/dist/server/lib/router-server.js:173:21)
    at async handleRequest (/ragcoon/Frontend/node_modules/next/dist/server/lib/router-server.js:350:24)
 ⨯ Error: Cannot find module './chunks/vendor-chunks/next.js'
Require stack:
- /ragcoon/Frontend/.next/server/webpack-runtime.js
- /ragcoon/Frontend/.next/server/pages/_document.js
- /ragcoon/Frontend/node_modules/next/dist/server/require.js
- /ragcoon/Frontend/node_modules/next/dist/server/next-server.js
- /ragcoon/Frontend/node_modules/next/dist/server/next.js
- /ragcoon/Frontend/node_modules/next/dist/server/lib/start-server.js
- /ragcoon/Frontend/node_modules/next/dist/cli/next-start.js
    at Module._resolveFilename (node:internal/modules/cjs/loader:1134:15)
    at /ragcoon/Frontend/node_modules/next/dist/server/require-hook.js:55:36
    at Module._load (node:internal/modules/cjs/loader:975:27)
    at Module.require (node:internal/modules/cjs/loader:1225:19)
    at mod.require (/ragcoon/Frontend/node_modules/next/dist/server/require-hook.js:65:28)
    at require (node:internal/modules/helpers:177:18)
    at o.f.require (/ragcoon/Frontend/.next/server/webpack-runtime.js:1:1888)
    at /ragcoon/Frontend/.next/server/webpack-runtime.js:1:1361
    at Array.reduce (<anonymous>)
    at o.e (/ragcoon/Frontend/.next/server/webpack-runtime.js:1:1340) {
  code: 'MODULE_NOT_FOUND',
  requireStack: [
    '/ragcoon/Frontend/.next/server/webpack-runtime.js',
    '/ragcoon/Frontend/.next/server/pages/_document.js',
    '/ragcoon/Frontend/node_modules/next/dist/server/require.js',
    '/ragcoon/Frontend/node_modules/next/dist/server/next-server.js',
    '/ragcoon/Frontend/node_modules/next/dist/server/next.js',
    '/ragcoon/Frontend/node_modules/next/dist/server/lib/start-server.js',
    '/ragcoon/Frontend/node_modules/next/dist/cli/next-start.js'
  ]
}
Invariant: failed to load static page {
  "page": "/",
  "url": "/",
  "initUrl": "http://localhost:5000/",
  "didRewrite": false
}
 ⨯ MissingStaticPage [Error]: Failed to load static file for page: / ENOENT: no such file or directory, open '/ragcoon/Frontend/.next/server/pages/index.html'
    at /ragcoon/Frontend/node_modules/next/dist/server/require.js:102:19
    at async loadComponentsImpl (/ragcoon/Frontend/node_modules/next/dist/server/load-components.js:98:26)
    at async NextNodeServer.findPageComponentsImpl (/ragcoon/Frontend/node_modules/next/dist/server/next-server.js:708:36)
    at async NextNodeServer.renderPageComponent (/ragcoon/Frontend/node_modules/next/dist/server/base-server.js:1897:24)
    at async NextNodeServer.renderToResponseImpl (/ragcoon/Frontend/node_modules/next/dist/server/base-server.js:1949:32)
    at async NextNodeServer.pipeImpl (/ragcoon/Frontend/node_modules/next/dist/server/base-server.js:916:25)
    at async NextNodeServer.handleCatchallRenderRequest (/ragcoon/Frontend/node_modules/next/dist/server/next-server.js:272:17)
    at async NextNodeServer.handleRequestImpl (/ragcoon/Frontend/node_modules/next/dist/server/base-server.js:812:17)
    at async invokeRender (/ragcoon/Frontend/node_modules/next/dist/server/lib/router-server.js:173:21)
    at async handleRequest (/ragcoon/Frontend/node_modules/next/dist/server/lib/router-server.js:350:24)
 ⨯ Error: Cannot find module './chunks/vendor-chunks/next.js'
Require stack:
- /ragcoon/Frontend/.next/server/webpack-runtime.js
- /ragcoon/Frontend/.next/server/pages/_document.js
- /ragcoon/Frontend/node_modules/next/dist/server/require.js
- /ragcoon/Frontend/node_modules/next/dist/server/next-server.js
- /ragcoon/Frontend/node_modules/next/dist/server/next.js
- /ragcoon/Frontend/node_modules/next/dist/server/lib/start-server.js
- /ragcoon/Frontend/node_modules/next/dist/cli/next-start.js
    at Module._resolveFilename (node:internal/modules/cjs/loader:1134:15)
    at /ragcoon/Frontend/node_modules/next/dist/server/require-hook.js:55:36
    at Module._load (node:internal/modules/cjs/loader:975:27)
    at Module.require (node:internal/modules/cjs/loader:1225:19)
    at mod.require (/ragcoon/Frontend/node_modules/next/dist/server/require-hook.js:65:28)
    at require (node:internal/modules/helpers:177:18)
    at o.f.require (/ragcoon/Frontend/.next/server/webpack-runtime.js:1:1888)
    at /ragcoon/Frontend/.next/server/webpack-runtime.js:1:1361
    at Array.reduce (<anonymous>)
    at o.e (/ragcoon/Frontend/.next/server/webpack-runtime.js:1:1340) {
  code: 'MODULE_NOT_FOUND',
  requireStack: [
    '/ragcoon/Frontend/.next/server/webpack-runtime.js',
    '/ragcoon/Frontend/.next/server/pages/_document.js',
    '/ragcoon/Frontend/node_modules/next/dist/server/require.js',
    '/ragcoon/Frontend/node_modules/next/dist/server/next-server.js',
    '/ragcoon/Frontend/node_modules/next/dist/server/next.js',
    '/ragcoon/Frontend/node_modules/next/dist/server/lib/start-server.js',
    '/ragcoon/Frontend/node_modules/next/dist/cli/next-start.js'
  ]
}
Invariant: failed to load static page {
  "page": "/",
  "url": "/",
  "initUrl": "https://localhost:5000/",
  "didRewrite": false
}
 ⨯ MissingStaticPage [Error]: Failed to load static file for page: / ENOENT: no such file or directory, open '/ragcoon/Frontend/.next/server/pages/index.html'
    at /ragcoon/Frontend/node_modules/next/dist/server/require.js:102:19
    at async loadComponentsImpl (/ragcoon/Frontend/node_modules/next/dist/server/load-components.js:98:26)
    at async NextNodeServer.findPageComponentsImpl (/ragcoon/Frontend/node_modules/next/dist/server/next-server.js:708:36)
    at async NextNodeServer.renderPageComponent (/ragcoon/Frontend/node_modules/next/dist/server/base-server.js:1897:24)
    at async NextNodeServer.renderToResponseImpl (/ragcoon/Frontend/node_modules/next/dist/server/base-server.js:1949:32)
    at async NextNodeServer.pipeImpl (/ragcoon/Frontend/node_modules/next/dist/server/base-server.js:916:25)
    at async NextNodeServer.handleCatchallRenderRequest (/ragcoon/Frontend/node_modules/next/dist/server/next-server.js:272:17)
    at async NextNodeServer.handleRequestImpl (/ragcoon/Frontend/node_modules/next/dist/server/base-server.js:812:17)
    at async invokeRender (/ragcoon/Frontend/node_modules/next/dist/server/lib/router-server.js:173:21)
    at async handleRequest (/ragcoon/Frontend/node_modules/next/dist/server/lib/router-server.js:350:24)
 ⨯ Error: Cannot find module './chunks/vendor-chunks/next.js'
Require stack:
- /ragcoon/Frontend/.next/server/webpack-runtime.js
- /ragcoon/Frontend/.next/server/pages/_document.js
- /ragcoon/Frontend/node_modules/next/dist/server/require.js
- /ragcoon/Frontend/node_modules/next/dist/server/next-server.js
- /ragcoon/Frontend/node_modules/next/dist/server/next.js
- /ragcoon/Frontend/node_modules/next/dist/server/lib/start-server.js
- /ragcoon/Frontend/node_modules/next/dist/cli/next-start.js
    at Module._resolveFilename (node:internal/modules/cjs/loader:1134:15)
    at /ragcoon/Frontend/node_modules/next/dist/server/require-hook.js:55:36
    at Module._load (node:internal/modules/cjs/loader:975:27)
    at Module.require (node:internal/modules/cjs/loader:1225:19)
    at mod.require (/ragcoon/Frontend/node_modules/next/dist/server/require-hook.js:65:28)
    at require (node:internal/modules/helpers:177:18)
    at o.f.require (/ragcoon/Frontend/.next/server/webpack-runtime.js:1:1888)
    at /ragcoon/Frontend/.next/server/webpack-runtime.js:1:1361
    at Array.reduce (<anonymous>)
    at o.e (/ragcoon/Frontend/.next/server/webpack-runtime.js:1:1340) {
  code: 'MODULE_NOT_FOUND',
  requireStack: [
    '/ragcoon/Frontend/.next/server/webpack-runtime.js',
    '/ragcoon/Frontend/.next/server/pages/_document.js',
    '/ragcoon/Frontend/node_modules/next/dist/server/require.js',
    '/ragcoon/Frontend/node_modules/next/dist/server/next-server.js',
    '/ragcoon/Frontend/node_modules/next/dist/server/next.js',
    '/ragcoon/Frontend/node_modules/next/dist/server/lib/start-server.js',
    '/ragcoon/Frontend/node_modules/next/dist/cli/next-start.js'
  ]
}
Invariant: failed to load static page {
  "page": "/",
  "url": "/",
  "initUrl": "http://localhost:5000/",
  "didRewrite": false
}
 ⨯ MissingStaticPage [Error]: Failed to load static file for page: / ENOENT: no such file or directory, open '/ragcoon/Frontend/.next/server/pages/index.html'
    at /ragcoon/Frontend/node_modules/next/dist/server/require.js:102:19
    at async loadComponentsImpl (/ragcoon/Frontend/node_modules/next/dist/server/load-components.js:98:26)
    at async NextNodeServer.findPageComponentsImpl (/ragcoon/Frontend/node_modules/next/dist/server/next-server.js:708:36)
    at async NextNodeServer.renderPageComponent (/ragcoon/Frontend/node_modules/next/dist/server/base-server.js:1897:24)
    at async NextNodeServer.renderToResponseImpl (/ragcoon/Frontend/node_modules/next/dist/server/base-server.js:1949:32)
    at async NextNodeServer.pipeImpl (/ragcoon/Frontend/node_modules/next/dist/server/base-server.js:916:25)
    at async NextNodeServer.handleCatchallRenderRequest (/ragcoon/Frontend/node_modules/next/dist/server/next-server.js:272:17)
    at async NextNodeServer.handleRequestImpl (/ragcoon/Frontend/node_modules/next/dist/server/base-server.js:812:17)
    at async invokeRender (/ragcoon/Frontend/node_modules/next/dist/server/lib/router-server.js:173:21)
    at async handleRequest (/ragcoon/Frontend/node_modules/next/dist/server/lib/router-server.js:350:24)
 ⨯ Error: Cannot find module './chunks/vendor-chunks/next.js'
Require stack:
- /ragcoon/Frontend/.next/server/webpack-runtime.js
- /ragcoon/Frontend/.next/server/pages/_document.js
- /ragcoon/Frontend/node_modules/next/dist/server/require.js
- /ragcoon/Frontend/node_modules/next/dist/server/next-server.js
- /ragcoon/Frontend/node_modules/next/dist/server/next.js
- /ragcoon/Frontend/node_modules/next/dist/server/lib/start-server.js
- /ragcoon/Frontend/node_modules/next/dist/cli/next-start.js
    at Module._resolveFilename (node:internal/modules/cjs/loader:1134:15)
    at /ragcoon/Frontend/node_modules/next/dist/server/require-hook.js:55:36
    at Module._load (node:internal/modules/cjs/loader:975:27)
    at Module.require (node:internal/modules/cjs/loader:1225:19)
    at mod.require (/ragcoon/Frontend/node_modules/next/dist/server/require-hook.js:65:28)
    at require (node:internal/modules/helpers:177:18)
    at o.f.require (/ragcoon/Frontend/.next/server/webpack-runtime.js:1:1888)
    at /ragcoon/Frontend/.next/server/webpack-runtime.js:1:1361
    at Array.reduce (<anonymous>)
    at o.e (/ragcoon/Frontend/.next/server/webpack-runtime.js:1:1340) {
  code: 'MODULE_NOT_FOUND',
  requireStack: [
    '/ragcoon/Frontend/.next/server/webpack-runtime.js',
    '/ragcoon/Frontend/.next/server/pages/_document.js',
    '/ragcoon/Frontend/node_modules/next/dist/server/require.js',
    '/ragcoon/Frontend/node_modules/next/dist/server/next-server.js',
    '/ragcoon/Frontend/node_modules/next/dist/server/next.js',
    '/ragcoon/Frontend/node_modules/next/dist/server/lib/start-server.js',
    '/ragcoon/Frontend/node_modules/next/dist/cli/next-start.js'
  ]
}
Invariant: failed to load static page {
  "page": "/",
  "url": "/",
  "initUrl": "http://localhost:5000/",
  "didRewrite": false
}
 ⨯ MissingStaticPage [Error]: Failed to load static file for page: / ENOENT: no such file or directory, open '/ragcoon/Frontend/.next/server/pages/index.html'
    at /ragcoon/Frontend/node_modules/next/dist/server/require.js:102:19
    at async loadComponentsImpl (/ragcoon/Frontend/node_modules/next/dist/server/load-components.js:98:26)
    at async NextNodeServer.findPageComponentsImpl (/ragcoon/Frontend/node_modules/next/dist/server/next-server.js:708:36)
    at async NextNodeServer.renderPageComponent (/ragcoon/Frontend/node_modules/next/dist/server/base-server.js:1897:24)
    at async NextNodeServer.renderToResponseImpl (/ragcoon/Frontend/node_modules/next/dist/server/base-server.js:1949:32)
    at async NextNodeServer.pipeImpl (/ragcoon/Frontend/node_modules/next/dist/server/base-server.js:916:25)
    at async NextNodeServer.handleCatchallRenderRequest (/ragcoon/Frontend/node_modules/next/dist/server/next-server.js:272:17)
    at async NextNodeServer.handleRequestImpl (/ragcoon/Frontend/node_modules/next/dist/server/base-server.js:812:17)
    at async invokeRender (/ragcoon/Frontend/node_modules/next/dist/server/lib/router-server.js:173:21)
    at async handleRequest (/ragcoon/Frontend/node_modules/next/dist/server/lib/router-server.js:350:24)
 ⨯ Error: Cannot find module './chunks/vendor-chunks/next.js'
Require stack:
- /ragcoon/Frontend/.next/server/webpack-runtime.js
- /ragcoon/Frontend/.next/server/pages/_document.js
- /ragcoon/Frontend/node_modules/next/dist/server/require.js
- /ragcoon/Frontend/node_modules/next/dist/server/next-server.js
- /ragcoon/Frontend/node_modules/next/dist/server/next.js
- /ragcoon/Frontend/node_modules/next/dist/server/lib/start-server.js
- /ragcoon/Frontend/node_modules/next/dist/cli/next-start.js
    at Module._resolveFilename (node:internal/modules/cjs/loader:1134:15)
    at /ragcoon/Frontend/node_modules/next/dist/server/require-hook.js:55:36
    at Module._load (node:internal/modules/cjs/loader:975:27)
    at Module.require (node:internal/modules/cjs/loader:1225:19)
    at mod.require (/ragcoon/Frontend/node_modules/next/dist/server/require-hook.js:65:28)
    at require (node:internal/modules/helpers:177:18)
    at o.f.require (/ragcoon/Frontend/.next/server/webpack-runtime.js:1:1888)
    at /ragcoon/Frontend/.next/server/webpack-runtime.js:1:1361
    at Array.reduce (<anonymous>)
    at o.e (/ragcoon/Frontend/.next/server/webpack-runtime.js:1:1340) {
  code: 'MODULE_NOT_FOUND',
  requireStack: [
    '/ragcoon/Frontend/.next/server/webpack-runtime.js',
    '/ragcoon/Frontend/.next/server/pages/_document.js',
    '/ragcoon/Frontend/node_modules/next/dist/server/require.js',
    '/ragcoon/Frontend/node_modules/next/dist/server/next-server.js',
    '/ragcoon/Frontend/node_modules/next/dist/server/next.js',
    '/ragcoon/Frontend/node_modules/next/dist/server/lib/start-server.js',
    '/ragcoon/Frontend/node_modules/next/dist/cli/next-start.js'
  ]
}
Invariant: failed to load static page {
  "page": "/",
  "url": "/",
  "initUrl": "http://localhost:5000/",
  "didRewrite": false
}
 ⨯ MissingStaticPage [Error]: Failed to load static file for page: / ENOENT: no such file or directory, open '/ragcoon/Frontend/.next/server/pages/index.html'
    at /ragcoon/Frontend/node_modules/next/dist/server/require.js:102:19
    at async loadComponentsImpl (/ragcoon/Frontend/node_modules/next/dist/server/load-components.js:98:26)
    at async NextNodeServer.findPageComponentsImpl (/ragcoon/Frontend/node_modules/next/dist/server/next-server.js:708:36)
    at async NextNodeServer.renderPageComponent (/ragcoon/Frontend/node_modules/next/dist/server/base-server.js:1897:24)
    at async NextNodeServer.renderToResponseImpl (/ragcoon/Frontend/node_modules/next/dist/server/base-server.js:1949:32)
    at async NextNodeServer.pipeImpl (/ragcoon/Frontend/node_modules/next/dist/server/base-server.js:916:25)
    at async NextNodeServer.handleCatchallRenderRequest (/ragcoon/Frontend/node_modules/next/dist/server/next-server.js:272:17)
    at async NextNodeServer.handleRequestImpl (/ragcoon/Frontend/node_modules/next/dist/server/base-server.js:812:17)
    at async invokeRender (/ragcoon/Frontend/node_modules/next/dist/server/lib/router-server.js:173:21)
    at async handleRequest (/ragcoon/Frontend/node_modules/next/dist/server/lib/router-server.js:350:24)
 ⨯ Error: Cannot find module './chunks/vendor-chunks/next.js'
Require stack:
- /ragcoon/Frontend/.next/server/webpack-runtime.js
- /ragcoon/Frontend/.next/server/pages/_document.js
- /ragcoon/Frontend/node_modules/next/dist/server/require.js
- /ragcoon/Frontend/node_modules/next/dist/server/next-server.js
- /ragcoon/Frontend/node_modules/next/dist/server/next.js
- /ragcoon/Frontend/node_modules/next/dist/server/lib/start-server.js
- /ragcoon/Frontend/node_modules/next/dist/cli/next-start.js
    at Module._resolveFilename (node:internal/modules/cjs/loader:1134:15)
    at /ragcoon/Frontend/node_modules/next/dist/server/require-hook.js:55:36
    at Module._load (node:internal/modules/cjs/loader:975:27)
    at Module.require (node:internal/modules/cjs/loader:1225:19)
    at mod.require (/ragcoon/Frontend/node_modules/next/dist/server/require-hook.js:65:28)
    at require (node:internal/modules/helpers:177:18)
    at o.f.require (/ragcoon/Frontend/.next/server/webpack-runtime.js:1:1888)
    at /ragcoon/Frontend/.next/server/webpack-runtime.js:1:1361
    at Array.reduce (<anonymous>)
    at o.e (/ragcoon/Frontend/.next/server/webpack-runtime.js:1:1340) {
  code: 'MODULE_NOT_FOUND',
  requireStack: [
    '/ragcoon/Frontend/.next/server/webpack-runtime.js',
    '/ragcoon/Frontend/.next/server/pages/_document.js',
    '/ragcoon/Frontend/node_modules/next/dist/server/require.js',
    '/ragcoon/Frontend/node_modules/next/dist/server/next-server.js',
    '/ragcoon/Frontend/node_modules/next/dist/server/next.js',
    '/ragcoon/Frontend/node_modules/next/dist/server/lib/start-server.js',
    '/ragcoon/Frontend/node_modules/next/dist/cli/next-start.js'
  ]
}
Invariant: failed to load static page {
  "page": "/",
  "url": "/",
  "initUrl": "http://localhost:5000/",
  "didRewrite": false
}
 ⨯ MissingStaticPage [Error]: Failed to load static file for page: / ENOENT: no such file or directory, open '/ragcoon/Frontend/.next/server/pages/index.html'
    at /ragcoon/Frontend/node_modules/next/dist/server/require.js:102:19
    at async loadComponentsImpl (/ragcoon/Frontend/node_modules/next/dist/server/load-components.js:98:26)
    at async NextNodeServer.findPageComponentsImpl (/ragcoon/Frontend/node_modules/next/dist/server/next-server.js:708:36)
    at async NextNodeServer.renderPageComponent (/ragcoon/Frontend/node_modules/next/dist/server/base-server.js:1897:24)
    at async NextNodeServer.renderToResponseImpl (/ragcoon/Frontend/node_modules/next/dist/server/base-server.js:1949:32)
    at async NextNodeServer.pipeImpl (/ragcoon/Frontend/node_modules/next/dist/server/base-server.js:916:25)
    at async NextNodeServer.handleCatchallRenderRequest (/ragcoon/Frontend/node_modules/next/dist/server/next-server.js:272:17)
    at async NextNodeServer.handleRequestImpl (/ragcoon/Frontend/node_modules/next/dist/server/base-server.js:812:17)
    at async invokeRender (/ragcoon/Frontend/node_modules/next/dist/server/lib/router-server.js:173:21)
    at async handleRequest (/ragcoon/Frontend/node_modules/next/dist/server/lib/router-server.js:350:24)
 ⨯ Error: Cannot find module './chunks/vendor-chunks/next.js'
Require stack:
- /ragcoon/Frontend/.next/server/webpack-runtime.js
- /ragcoon/Frontend/.next/server/pages/_document.js
- /ragcoon/Frontend/node_modules/next/dist/server/require.js
- /ragcoon/Frontend/node_modules/next/dist/server/next-server.js
- /ragcoon/Frontend/node_modules/next/dist/server/next.js
- /ragcoon/Frontend/node_modules/next/dist/server/lib/start-server.js
- /ragcoon/Frontend/node_modules/next/dist/cli/next-start.js
    at Module._resolveFilename (node:internal/modules/cjs/loader:1134:15)
    at /ragcoon/Frontend/node_modules/next/dist/server/require-hook.js:55:36
    at Module._load (node:internal/modules/cjs/loader:975:27)
    at Module.require (node:internal/modules/cjs/loader:1225:19)
    at mod.require (/ragcoon/Frontend/node_modules/next/dist/server/require-hook.js:65:28)
    at require (node:internal/modules/helpers:177:18)
    at o.f.require (/ragcoon/Frontend/.next/server/webpack-runtime.js:1:1888)
    at /ragcoon/Frontend/.next/server/webpack-runtime.js:1:1361
    at Array.reduce (<anonymous>)
    at o.e (/ragcoon/Frontend/.next/server/webpack-runtime.js:1:1340) {
  code: 'MODULE_NOT_FOUND',
  requireStack: [
    '/ragcoon/Frontend/.next/server/webpack-runtime.js',
    '/ragcoon/Frontend/.next/server/pages/_document.js',
    '/ragcoon/Frontend/node_modules/next/dist/server/require.js',
    '/ragcoon/Frontend/node_modules/next/dist/server/next-server.js',
    '/ragcoon/Frontend/node_modules/next/dist/server/next.js',
    '/ragcoon/Frontend/node_modules/next/dist/server/lib/start-server.js',
    '/ragcoon/Frontend/node_modules/next/dist/cli/next-start.js'
  ]
}
Invariant: failed to load static page {
  "page": "/",
  "url": "/",
  "initUrl": "http://localhost:5000/",
  "didRewrite": false
}
 ⨯ MissingStaticPage [Error]: Failed to load static file for page: / ENOENT: no such file or directory, open '/ragcoon/Frontend/.next/server/pages/index.html'
    at /ragcoon/Frontend/node_modules/next/dist/server/require.js:102:19
    at async loadComponentsImpl (/ragcoon/Frontend/node_modules/next/dist/server/load-components.js:98:26)
    at async NextNodeServer.findPageComponentsImpl (/ragcoon/Frontend/node_modules/next/dist/server/next-server.js:708:36)
    at async NextNodeServer.renderPageComponent (/ragcoon/Frontend/node_modules/next/dist/server/base-server.js:1897:24)
    at async NextNodeServer.renderToResponseImpl (/ragcoon/Frontend/node_modules/next/dist/server/base-server.js:1949:32)
    at async NextNodeServer.pipeImpl (/ragcoon/Frontend/node_modules/next/dist/server/base-server.js:916:25)
    at async NextNodeServer.handleCatchallRenderRequest (/ragcoon/Frontend/node_modules/next/dist/server/next-server.js:272:17)
    at async NextNodeServer.handleRequestImpl (/ragcoon/Frontend/node_modules/next/dist/server/base-server.js:812:17)
    at async invokeRender (/ragcoon/Frontend/node_modules/next/dist/server/lib/router-server.js:173:21)
    at async handleRequest (/ragcoon/Frontend/node_modules/next/dist/server/lib/router-server.js:350:24)
 ⨯ Error: Cannot find module './chunks/vendor-chunks/next.js'
Require stack:
- /ragcoon/Frontend/.next/server/webpack-runtime.js
- /ragcoon/Frontend/.next/server/pages/_document.js
- /ragcoon/Frontend/node_modules/next/dist/server/require.js
- /ragcoon/Frontend/node_modules/next/dist/server/next-server.js
- /ragcoon/Frontend/node_modules/next/dist/server/next.js
- /ragcoon/Frontend/node_modules/next/dist/server/lib/start-server.js
- /ragcoon/Frontend/node_modules/next/dist/cli/next-start.js
    at Module._resolveFilename (node:internal/modules/cjs/loader:1134:15)
    at /ragcoon/Frontend/node_modules/next/dist/server/require-hook.js:55:36
    at Module._load (node:internal/modules/cjs/loader:975:27)
    at Module.require (node:internal/modules/cjs/loader:1225:19)
    at mod.require (/ragcoon/Frontend/node_modules/next/dist/server/require-hook.js:65:28)
    at require (node:internal/modules/helpers:177:18)
    at o.f.require (/ragcoon/Frontend/.next/server/webpack-runtime.js:1:1888)
    at /ragcoon/Frontend/.next/server/webpack-runtime.js:1:1361
    at Array.reduce (<anonymous>)
    at o.e (/ragcoon/Frontend/.next/server/webpack-runtime.js:1:1340) {
  code: 'MODULE_NOT_FOUND',
  requireStack: [
    '/ragcoon/Frontend/.next/server/webpack-runtime.js',
    '/ragcoon/Frontend/.next/server/pages/_document.js',
    '/ragcoon/Frontend/node_modules/next/dist/server/require.js',
    '/ragcoon/Frontend/node_modules/next/dist/server/next-server.js',
    '/ragcoon/Frontend/node_modules/next/dist/server/next.js',
    '/ragcoon/Frontend/node_modules/next/dist/server/lib/start-server.js',
    '/ragcoon/Frontend/node_modules/next/dist/cli/next-start.js'
  ]
}
Invariant: failed to load static page {
  "page": "/",
  "url": "/",
  "initUrl": "http://localhost:5000/",
  "didRewrite": false
}
 ⨯ MissingStaticPage [Error]: Failed to load static file for page: / ENOENT: no such file or directory, open '/ragcoon/Frontend/.next/server/pages/index.html'
    at /ragcoon/Frontend/node_modules/next/dist/server/require.js:102:19
    at async loadComponentsImpl (/ragcoon/Frontend/node_modules/next/dist/server/load-components.js:98:26)
    at async NextNodeServer.findPageComponentsImpl (/ragcoon/Frontend/node_modules/next/dist/server/next-server.js:708:36)
    at async NextNodeServer.renderPageComponent (/ragcoon/Frontend/node_modules/next/dist/server/base-server.js:1897:24)
    at async NextNodeServer.renderToResponseImpl (/ragcoon/Frontend/node_modules/next/dist/server/base-server.js:1949:32)
    at async NextNodeServer.pipeImpl (/ragcoon/Frontend/node_modules/next/dist/server/base-server.js:916:25)
    at async NextNodeServer.handleCatchallRenderRequest (/ragcoon/Frontend/node_modules/next/dist/server/next-server.js:272:17)
    at async NextNodeServer.handleRequestImpl (/ragcoon/Frontend/node_modules/next/dist/server/base-server.js:812:17)
    at async invokeRender (/ragcoon/Frontend/node_modules/next/dist/server/lib/router-server.js:173:21)
    at async handleRequest (/ragcoon/Frontend/node_modules/next/dist/server/lib/router-server.js:350:24)
 ⨯ Error: Cannot find module './chunks/vendor-chunks/next.js'
Require stack:
- /ragcoon/Frontend/.next/server/webpack-runtime.js
- /ragcoon/Frontend/.next/server/pages/_document.js
- /ragcoon/Frontend/node_modules/next/dist/server/require.js
- /ragcoon/Frontend/node_modules/next/dist/server/next-server.js
- /ragcoon/Frontend/node_modules/next/dist/server/next.js
- /ragcoon/Frontend/node_modules/next/dist/server/lib/start-server.js
- /ragcoon/Frontend/node_modules/next/dist/cli/next-start.js
    at Module._resolveFilename (node:internal/modules/cjs/loader:1134:15)
    at /ragcoon/Frontend/node_modules/next/dist/server/require-hook.js:55:36
    at Module._load (node:internal/modules/cjs/loader:975:27)
    at Module.require (node:internal/modules/cjs/loader:1225:19)
    at mod.require (/ragcoon/Frontend/node_modules/next/dist/server/require-hook.js:65:28)
    at require (node:internal/modules/helpers:177:18)
    at o.f.require (/ragcoon/Frontend/.next/server/webpack-runtime.js:1:1888)
    at /ragcoon/Frontend/.next/server/webpack-runtime.js:1:1361
    at Array.reduce (<anonymous>)
    at o.e (/ragcoon/Frontend/.next/server/webpack-runtime.js:1:1340) {
  code: 'MODULE_NOT_FOUND',
  requireStack: [
    '/ragcoon/Frontend/.next/server/webpack-runtime.js',
    '/ragcoon/Frontend/.next/server/pages/_document.js',
    '/ragcoon/Frontend/node_modules/next/dist/server/require.js',
    '/ragcoon/Frontend/node_modules/next/dist/server/next-server.js',
    '/ragcoon/Frontend/node_modules/next/dist/server/next.js',
    '/ragcoon/Frontend/node_modules/next/dist/server/lib/start-server.js',
    '/ragcoon/Frontend/node_modules/next/dist/cli/next-start.js'
  ]
}
Killed

> test@0.1.0 start
> next start --port=5000

  ▲ Next.js 14.2.7
  - Local:        http://localhost:5000

 ✓ Starting...
 ✓ Ready in 539ms
